# JRE version: OpenJDK Runtime Environment (7.0_79-b14) (build 1.7.0_79-b14)
# Java VM: OpenJDK 64-Bit Server VM (24.79-b02 mixed mode linux-amd64 compressed oops)
Heap
 PSYoungGen      total 284672K, used 4437K [0x00000000eaa80000, 0x0000000100000000, 0x0000000100000000)
  eden space 219648K, 0% used [0x00000000eaa80000,0x00000000eaa80000,0x00000000f8100000)
  from space 65024K, 6% used [0x00000000f8100000,0x00000000f85556a0,0x00000000fc080000)
  to   space 65024K, 0% used [0x00000000fc080000,0x00000000fc080000,0x0000000100000000)
 ParOldGen       total 324608K, used 324191K [0x00000000c0000000, 0x00000000d3d00000, 0x00000000eaa80000)
  object space 324608K, 99% used [0x00000000c0000000,0x00000000d3c97c40,0x00000000d3d00000)
 PSPermGen       total 21504K, used 6525K [0x00000000b5a00000, 0x00000000b6f00000, 0x00000000c0000000)
  object space 21504K, 30% used [0x00000000b5a00000,0x00000000b605f6c0,0x00000000b6f00000)
GC Heap History (10 events):
Event: 107.454 GC heap after
Heap after GC invocations=21 (full 5):
 PSYoungGen      total 282112K, used 44329K [0x00000000eaa80000, 0x0000000100000000, 0x0000000100000000)
  eden space 227840K, 0% used [0x00000000eaa80000,0x00000000eaa80000,0x00000000f8900000)
  from space 54272K, 81% used [0x00000000fcb00000,0x00000000ff64a640,0x0000000100000000)
  to   space 60928K, 0% used [0x00000000f8900000,0x00000000f8900000,0x00000000fc480000)
 ParOldGen       total 250368K, used 186225K [0x00000000c0000000, 0x00000000cf480000, 0x00000000eaa80000)
  object space 250368K, 74% used [0x00000000c0000000,0x00000000cb5dc5d0,0x00000000cf480000)
 PSPermGen       total 21504K, used 6483K [0x00000000b5a00000, 0x00000000b6f00000, 0x00000000c0000000)
  object space 21504K, 30% used [0x00000000b5a00000,0x00000000b6054f80,0x00000000b6f00000)
}
Event: 111.516 GC heap before
{Heap before GC invocations=22 (full 5):
 PSYoungGen      total 282112K, used 272169K [0x00000000eaa80000, 0x0000000100000000, 0x0000000100000000)
  eden space 227840K, 100% used [0x00000000eaa80000,0x00000000f8900000,0x00000000f8900000)
  from space 54272K, 81% used [0x00000000fcb00000,0x00000000ff64a640,0x0000000100000000)
  to   space 60928K, 0% used [0x00000000f8900000,0x00000000f8900000,0x00000000fc480000)
 ParOldGen       total 250368K, used 186225K [0x00000000c0000000, 0x00000000cf480000, 0x00000000eaa80000)
  object space 250368K, 74% used [0x00000000c0000000,0x00000000cb5dc5d0,0x00000000cf480000)
 PSPermGen       total 21504K, used 6492K [0x00000000b5a00000, 0x00000000b6f00000, 0x00000000c0000000)
  object space 21504K, 30% used [0x00000000b5a00000,0x00000000b6057228,0x00000000b6f00000)
Event: 114.133 GC heap after
Heap after GC invocations=22 (full 5):
 PSYoungGen      total 264704K, used 36612K [0x00000000eaa80000, 0x0000000100000000, 0x0000000100000000)
  eden space 227840K, 0% used [0x00000000eaa80000,0x00000000eaa80000,0x00000000f8900000)
  from space 36864K, 99% used [0x00000000f8900000,0x00000000facc11e0,0x00000000fad00000)
  to   space 62464K, 0% used [0x00000000fc300000,0x00000000fc300000,0x0000000100000000)
 ParOldGen       total 250368K, used 219365K [0x00000000c0000000, 0x00000000cf480000, 0x00000000eaa80000)
  object space 250368K, 87% used [0x00000000c0000000,0x00000000cd6396c8,0x00000000cf480000)
 PSPermGen       total 21504K, used 6492K [0x00000000b5a00000, 0x00000000b6f00000, 0x00000000c0000000)
  object space 21504K, 30% used [0x00000000b5a00000,0x00000000b6057228,0x00000000b6f00000)
}
Event: 114.133 GC heap before
{Heap before GC invocations=23 (full 6):
 PSYoungGen      total 264704K, used 36612K [0x00000000eaa80000, 0x0000000100000000, 0x0000000100000000)
  eden space 227840K, 0% used [0x00000000eaa80000,0x00000000eaa80000,0x00000000f8900000)
  from space 36864K, 99% used [0x00000000f8900000,0x00000000facc11e0,0x00000000fad00000)
  to   space 62464K, 0% used [0x00000000fc300000,0x00000000fc300000,0x0000000100000000)
 ParOldGen       total 250368K, used 219365K [0x00000000c0000000, 0x00000000cf480000, 0x00000000eaa80000)
  object space 250368K, 87% used [0x00000000c0000000,0x00000000cd6396c8,0x00000000cf480000)
 PSPermGen       total 21504K, used 6492K [0x00000000b5a00000, 0x00000000b6f00000, 0x00000000c0000000)
  object space 21504K, 30% used [0x00000000b5a00000,0x00000000b6057228,0x00000000b6f00000)
Event: 119.686 GC heap after
Heap after GC invocations=23 (full 6):
 PSYoungGen      total 264704K, used 5229K [0x00000000eaa80000, 0x0000000100000000, 0x0000000100000000)
  eden space 227840K, 0% used [0x00000000eaa80000,0x00000000eaa80000,0x00000000f8900000)
  from space 36864K, 14% used [0x00000000f8900000,0x00000000f8e1b440,0x00000000fad00000)
  to   space 62464K, 0% used [0x00000000fc300000,0x00000000fc300000,0x0000000100000000)
 ParOldGen       total 324608K, used 250084K [0x00000000c0000000, 0x00000000d3d00000, 0x00000000eaa80000)
  object space 324608K, 77% used [0x00000000c0000000,0x00000000cf439018,0x00000000d3d00000)
 PSPermGen       total 21504K, used 6492K [0x00000000b5a00000, 0x00000000b6f00000, 0x00000000c0000000)
  object space 21504K, 30% used [0x00000000b5a00000,0x00000000b6057148,0x00000000b6f00000)
}
Event: 123.461 GC heap before
{Heap before GC invocations=24 (full 6):
 PSYoungGen      total 264704K, used 233069K [0x00000000eaa80000, 0x0000000100000000, 0x0000000100000000)
  eden space 227840K, 100% used [0x00000000eaa80000,0x00000000f8900000,0x00000000f8900000)
  from space 36864K, 14% used [0x00000000f8900000,0x00000000f8e1b440,0x00000000fad00000)
  to   space 62464K, 0% used [0x00000000fc300000,0x00000000fc300000,0x0000000100000000)
 ParOldGen       total 324608K, used 250084K [0x00000000c0000000, 0x00000000d3d00000, 0x00000000eaa80000)
  object space 324608K, 77% used [0x00000000c0000000,0x00000000cf439080,0x00000000d3d00000)
 PSPermGen       total 21504K, used 6498K [0x00000000b5a00000, 0x00000000b6f00000, 0x00000000c0000000)
  object space 21504K, 30% used [0x00000000b5a00000,0x00000000b6058990,0x00000000b6f00000)
Event: 123.729 GC heap after
Heap after GC invocations=24 (full 6):
 PSYoungGen      total 282112K, used 41940K [0x00000000eaa80000, 0x0000000100000000, 0x0000000100000000)
  eden space 219648K, 0% used [0x00000000eaa80000,0x00000000eaa80000,0x00000000f8100000)
  from space 62464K, 67% used [0x00000000fc300000,0x00000000febf5110,0x0000000100000000)
  to   space 65024K, 0% used [0x00000000f8100000,0x00000000f8100000,0x00000000fc080000)
 ParOldGen       total 324608K, used 254116K [0x00000000c0000000, 0x00000000d3d00000, 0x00000000eaa80000)
  object space 324608K, 78% used [0x00000000c0000000,0x00000000cf829080,0x00000000d3d00000)
 PSPermGen       total 21504K, used 6498K [0x00000000b5a00000, 0x00000000b6f00000, 0x00000000c0000000)
  object space 21504K, 30% used [0x00000000b5a00000,0x00000000b6058990,0x00000000b6f00000)
}
Event: 124.907 GC heap before
{Heap before GC invocations=25 (full 6):
 PSYoungGen      total 282112K, used 261588K [0x00000000eaa80000, 0x0000000100000000, 0x0000000100000000)
  eden space 219648K, 100% used [0x00000000eaa80000,0x00000000f8100000,0x00000000f8100000)
  from space 62464K, 67% used [0x00000000fc300000,0x00000000febf5110,0x0000000100000000)
  to   space 65024K, 0% used [0x00000000f8100000,0x00000000f8100000,0x00000000fc080000)
 ParOldGen       total 324608K, used 254117K [0x00000000c0000000, 0x00000000d3d00000, 0x00000000eaa80000)
  object space 324608K, 78% used [0x00000000c0000000,0x00000000cf8296a0,0x00000000d3d00000)
 PSPermGen       total 21504K, used 6525K [0x00000000b5a00000, 0x00000000b6f00000, 0x00000000c0000000)
  object space 21504K, 30% used [0x00000000b5a00000,0x00000000b605f740,0x00000000b6f00000)
Event: 131.203 GC heap after
Heap after GC invocations=25 (full 6):
 PSYoungGen      total 284672K, used 36357K [0x00000000eaa80000, 0x0000000100000000, 0x0000000100000000)
  eden space 219648K, 0% used [0x00000000eaa80000,0x00000000eaa80000,0x00000000f8100000)
  from space 65024K, 55% used [0x00000000f8100000,0x00000000fa481470,0x00000000fc080000)
  to   space 65024K, 0% used [0x00000000fc080000,0x00000000fc080000,0x0000000100000000)
 ParOldGen       total 324608K, used 294259K [0x00000000c0000000, 0x00000000d3d00000, 0x00000000eaa80000)
  object space 324608K, 90% used [0x00000000c0000000,0x00000000d1f5ccf0,0x00000000d3d00000)
 PSPermGen       total 21504K, used 6525K [0x00000000b5a00000, 0x00000000b6f00000, 0x00000000c0000000)
  object space 21504K, 30% used [0x00000000b5a00000,0x00000000b605f740,0x00000000b6f00000)
}
Event: 131.203 GC heap before
{Heap before GC invocations=26 (full 7):
 PSYoungGen      total 284672K, used 36357K [0x00000000eaa80000, 0x0000000100000000, 0x0000000100000000)
  eden space 219648K, 0% used [0x00000000eaa80000,0x00000000eaa80000,0x00000000f8100000)
  from space 65024K, 55% used [0x00000000f8100000,0x00000000fa481470,0x00000000fc080000)
  to   space 65024K, 0% used [0x00000000fc080000,0x00000000fc080000,0x0000000100000000)
 ParOldGen       total 324608K, used 294259K [0x00000000c0000000, 0x00000000d3d00000, 0x00000000eaa80000)
  object space 324608K, 90% used [0x00000000c0000000,0x00000000d1f5ccf0,0x00000000d3d00000)
 PSPermGen       total 21504K, used 6525K [0x00000000b5a00000, 0x00000000b6f00000, 0x00000000c0000000)
  object space 21504K, 30% used [0x00000000b5a00000,0x00000000b605f740,0x00000000b6f00000)

